This is pdfTeX, Version 3.141592653-2.6-1.40.22 (TeX Live 2022/dev/Debian) (preloaded format=pdflatex 2025.8.9)  9 AUG 2025 12:37
entering extended mode
 restricted \write18 enabled.
 %&-line parsing enabled.
**samplepaper.tex
(./samplepaper.tex
LaTeX2e <2021-11-15> patch level 1
L3 programming layer <2022-01-21> (./llncs.cls
Document Class: llncs 2024/01/29 v2.24 
 LaTeX document class for Lecture Notes in Computer Science
(/usr/share/texlive/texmf-dist/tex/latex/base/article.cls
Document Class: article 2021/10/04 v1.4n Standard LaTeX document class
(/usr/share/texlive/texmf-dist/tex/latex/base/size10.clo
File: size10.clo 2021/10/04 v1.4n Standard LaTeX file (size option)
)
\c@part=\count185
\c@section=\count186
\c@subsection=\count187
\c@subsubsection=\count188
\c@paragraph=\count189
\c@subparagraph=\count190
\c@figure=\count191
\c@table=\count192
\abovecaptionskip=\skip47
\belowcaptionskip=\skip48
\bibindent=\dimen138
)
(/usr/share/texlive/texmf-dist/tex/latex/tools/multicol.sty
Package: multicol 2021/10/28 v1.9b multicolumn formatting (FMi)
\c@tracingmulticols=\count193
\mult@box=\box50
\multicol@leftmargin=\dimen139
\c@unbalance=\count194
\c@collectmore=\count195
\doublecol@number=\count196
\multicoltolerance=\count197
\multicolpretolerance=\count198
\full@width=\dimen140
\page@free=\dimen141
\premulticols=\dimen142
\postmulticols=\dimen143
\multicolsep=\skip49
\multicolbaselineskip=\skip50
\partial@page=\box51
\last@line=\box52
\maxbalancingoverflow=\dimen144
\mult@rightbox=\box53
\mult@grightbox=\box54
\mult@firstbox=\box55
\mult@gfirstbox=\box56
\@tempa=\box57
\@tempa=\box58
\@tempa=\box59
\@tempa=\box60
\@tempa=\box61
\@tempa=\box62
\@tempa=\box63
\@tempa=\box64
\@tempa=\box65
\@tempa=\box66
\@tempa=\box67
\@tempa=\box68
\@tempa=\box69
\@tempa=\box70
\@tempa=\box71
\@tempa=\box72
\@tempa=\box73
\@tempa=\box74
\@tempa=\box75
\@tempa=\box76
\@tempa=\box77
\@tempa=\box78
\@tempa=\box79
\@tempa=\box80
\@tempa=\box81
\@tempa=\box82
\@tempa=\box83
\@tempa=\box84
\@tempa=\box85
\@tempa=\box86
\@tempa=\box87
\@tempa=\box88
\@tempa=\box89
\@tempa=\box90
\@tempa=\box91
\@tempa=\box92
\c@minrows=\count199
\c@columnbadness=\count266
\c@finalcolumnbadness=\count267
\last@try=\dimen145
\multicolovershoot=\dimen146
\multicolundershoot=\dimen147
\mult@nat@firstbox=\box93
\colbreak@box=\box94
\mc@col@check@num=\count268
)
(/usr/share/texlive/texmf-dist/tex/latex/oberdiek/aliascnt.sty
Package: aliascnt 2018/09/07 v1.5 Alias counters (HO)
)
\c@chapter=\count269
LaTeX Font Info:    Redeclaring math symbol \Gamma on input line 379.
LaTeX Font Info:    Redeclaring math symbol \Delta on input line 380.
LaTeX Font Info:    Redeclaring math symbol \Theta on input line 381.
LaTeX Font Info:    Redeclaring math symbol \Lambda on input line 382.
LaTeX Font Info:    Redeclaring math symbol \Xi on input line 383.
LaTeX Font Info:    Redeclaring math symbol \Pi on input line 384.
LaTeX Font Info:    Redeclaring math symbol \Sigma on input line 385.
LaTeX Font Info:    Redeclaring math symbol \Upsilon on input line 386.
LaTeX Font Info:    Redeclaring math symbol \Phi on input line 387.
LaTeX Font Info:    Redeclaring math symbol \Psi on input line 388.
LaTeX Font Info:    Redeclaring math symbol \Omega on input line 389.
LaTeX Info: Redefining \vec on input line 394.
\tocchpnum=\dimen148
\tocsecnum=\dimen149
\tocsectotal=\dimen150
\tocsubsecnum=\dimen151
\tocsubsectotal=\dimen152
\tocsubsubsecnum=\dimen153
\tocsubsubsectotal=\dimen154
\tocparanum=\dimen155
\tocparatotal=\dimen156
\tocsubparanum=\dimen157
\@tempcntc=\count270
\fnindent=\dimen158
\c@@inst=\count271
\c@@auth=\count272
\c@auco=\count273
\instindent=\dimen159
\authrun=\box95
\authorrunning=\toks16
\tocauthor=\toks17
\titrun=\box96
\titlerunning=\toks18
\toctitle=\toks19
\c@theorem=\count274
\c@case=\count275
\c@conjecture=\count276
\c@corollary=\count277
\c@definition=\count278
\c@example=\count279
\c@exercise=\count280
\c@lemma=\count281
\c@note=\count282
\c@problem=\count283
\c@property=\count284
\c@proposition=\count285
\c@question=\count286
\c@solution=\count287
\c@remark=\count288
\headlineindent=\dimen160
)
(/usr/share/texlive/texmf-dist/tex/latex/base/fontenc.sty
Package: fontenc 2021/04/29 v2.0v Standard LaTeX package
)
(/usr/share/texlive/texmf-dist/tex/latex/graphics/graphicx.sty
Package: graphicx 2021/09/16 v1.2d Enhanced LaTeX Graphics (DPC,SPQR)

(/usr/share/texlive/texmf-dist/tex/latex/graphics/keyval.sty
Package: keyval 2014/10/28 v1.15 key=value parser (DPC)
\KV@toks@=\toks20
)
(/usr/share/texlive/texmf-dist/tex/latex/graphics/graphics.sty
Package: graphics 2021/03/04 v1.4d Standard LaTeX Graphics (DPC,SPQR)

(/usr/share/texlive/texmf-dist/tex/latex/graphics/trig.sty
Package: trig 2021/08/11 v1.11 sin cos tan (DPC)
)
(/usr/share/texlive/texmf-dist/tex/latex/graphics-cfg/graphics.cfg
File: graphics.cfg 2016/06/04 v1.11 sample graphics configuration
)
Package graphics Info: Driver file: pdftex.def on input line 107.

(/usr/share/texlive/texmf-dist/tex/latex/graphics-def/pdftex.def
File: pdftex.def 2020/10/05 v1.2a Graphics/color driver for pdftex
))
\Gin@req@height=\dimen161
\Gin@req@width=\dimen162
)
(/usr/share/texlive/texmf-dist/tex/latex/url/url.sty
\Urlmuskip=\muskip16
Package: url 2013/09/16  ver 3.4  Verb mode for urls, etc.
)
(/usr/share/texlive/texmf-dist/tex/latex/comment/comment.sty
\CommentStream=\write3

Excluding comment 'comment')
(/usr/share/texlive/texmf-dist/tex/latex/multirow/multirow.sty
Package: multirow 2021/03/15 v2.8 Span multiple rows of a table
\multirow@colwidth=\skip51
\multirow@cntb=\count289
\multirow@dima=\skip52
\bigstrutjot=\dimen163
)
(/usr/share/texlive/texmf-dist/tex/latex/caption/subcaption.sty
Package: subcaption 2020/10/07 v1.3j Sub-captions (AR)

(/usr/share/texlive/texmf-dist/tex/latex/caption/caption.sty
Package: caption 2020/10/26 v3.5g Customizing captions (AR)

(/usr/share/texlive/texmf-dist/tex/latex/caption/caption3.sty
Package: caption3 2020/10/21 v2.2e caption3 kernel (AR)
\captionmargin=\dimen164
\captionmargin@=\dimen165
\captionwidth=\dimen166
\caption@tempdima=\dimen167
\caption@indent=\dimen168
\caption@parindent=\dimen169
\caption@hangindent=\dimen170
Package caption Info: Unknown document class (or package),
(caption)             standard defaults will be used.
Package caption Info: \@makecaption = \long macro:#1#2->\small \vskip \abovecap
tionskip \sbox \@tempboxa {{\bfseries #1.} #2}\ifdim \wd \@tempboxa >\hsize {\b
fseries #1.} #2\par \else \global \@minipagefalse \hb@xt@ \hsize {\hfil \box \@
tempboxa \hfil }\fi \vskip \belowcaptionskip  on input line 1139.
)

Package caption Warning: Unknown document class (or package),
(caption)                standard defaults will be used.
See the caption package documentation for explanation.

\c@caption@flags=\count290
\c@continuedfloat=\count291
)
\c@subfigure=\count292
\c@subtable=\count293
) (/usr/share/texlive/texmf-dist/tex/latex/l3backend/l3backend-pdftex.def
File: l3backend-pdftex.def 2022-01-12 L3 backend support: PDF output (pdfTeX)
\l__color_backend_stack_int=\count294
\l__pdf_internal_box=\box97
)
(./samplepaper.aux)
\openout1 = `samplepaper.aux'.

LaTeX Font Info:    Checking defaults for OML/cmm/m/it on input line 28.
LaTeX Font Info:    ... okay on input line 28.
LaTeX Font Info:    Checking defaults for OMS/cmsy/m/n on input line 28.
LaTeX Font Info:    ... okay on input line 28.
LaTeX Font Info:    Checking defaults for OT1/cmr/m/n on input line 28.
LaTeX Font Info:    ... okay on input line 28.
LaTeX Font Info:    Checking defaults for T1/cmr/m/n on input line 28.
LaTeX Font Info:    ... okay on input line 28.
LaTeX Font Info:    Checking defaults for TS1/cmr/m/n on input line 28.
LaTeX Font Info:    ... okay on input line 28.
LaTeX Font Info:    Checking defaults for OMX/cmex/m/n on input line 28.
LaTeX Font Info:    ... okay on input line 28.
LaTeX Font Info:    Checking defaults for U/cmr/m/n on input line 28.
LaTeX Font Info:    ... okay on input line 28.

(/usr/share/texlive/texmf-dist/tex/context/base/mkii/supp-pdf.mkii
[Loading MPS to PDF converter (version 2006.09.02).]
\scratchcounter=\count295
\scratchdimen=\dimen171
\scratchbox=\box98
\nofMPsegments=\count296
\nofMParguments=\count297
\everyMPshowfont=\toks21
\MPscratchCnt=\count298
\MPscratchDim=\dimen172
\MPnumerator=\count299
\makeMPintoPDFobject=\count300
\everyMPtoPDFconversion=\toks22
) (/usr/share/texlive/texmf-dist/tex/latex/epstopdf-pkg/epstopdf-base.sty
Package: epstopdf-base 2020-01-24 v2.11 Base part for package epstopdf
Package epstopdf-base Info: Redefining graphics rule for `.eps' on input line 4
85.

(/usr/share/texlive/texmf-dist/tex/latex/latexconfig/epstopdf-sys.cfg
File: epstopdf-sys.cfg 2010/07/13 v1.3 Configuration of (r)epstopdf for TeX Liv
e
))
Package caption Info: Begin \AtBeginDocument code.
Package caption Info: End \AtBeginDocument code.
LaTeX Font Info:    External font `cmex10' loaded for size
(Font)              <7> on input line 51.
LaTeX Font Info:    External font `cmex10' loaded for size
(Font)              <5> on input line 51.
LaTeX Font Info:    External font `cmex10' loaded for size
(Font)              <9> on input line 51.
LaTeX Font Info:    External font `cmex10' loaded for size
(Font)              <6> on input line 51.
LaTeX Font Info:    Trying to load font information for T1+cmtt on input line 5
1.

(/usr/share/texlive/texmf-dist/tex/latex/base/t1cmtt.fd
File: t1cmtt.fd 2019/12/16 v2.5j Standard LaTeX font definitions
) [1

{/var/lib/texmf/fonts/map/pdftex/updmap/pdftex.map}] [2]
Overfull \hbox (0.15692pt too wide) in paragraph at lines 75--76
[]\T1/cmr/m/n/10 Introduction of two new eval-u-a-tion met-rics: Av-er-age Grid
 from Tar-get (AGT)
 []

<./figures/meth1.png, id=21, 1214.5375pt x 665.48625pt>
File: ./figures/meth1.png Graphic file (type png)
<use ./figures/meth1.png>
Package pdftex.def Info: ./figures/meth1.png  used on input line 90.
(pdftex.def)             Requested size: 347.12354pt x 190.19357pt.
[3] [4 <./figures/meth1.png>]
<./figures/meth3.jpg, id=31, 1673.25125pt x 1235.61626pt>
File: ./figures/meth3.jpg Graphic file (type jpg)
<use ./figures/meth3.jpg>
Package pdftex.def Info: ./figures/meth3.jpg  used on input line 115.
(pdftex.def)             Requested size: 250.97685pt x 185.33444pt.
 [5] [6 <./figures/meth3.jpg>]
<./figures/image14.jpg, id=42, 300.3722pt x 266.94731pt>
File: ./figures/image14.jpg Graphic file (type jpg)
<use ./figures/image14.jpg>
Package pdftex.def Info: ./figures/image14.jpg  used on input line 144.
(pdftex.def)             Requested size: 150.18571pt x 133.47331pt.
 [7 <./figures/image14.jpg>]
Overfull \hbox (40.61877pt too wide) in paragraph at lines 217--218
[]\T1/cmr/m/n/10 This sug-gests that these met-rics pri-or-i-tize dif-fer-ent a
s-pects of per-for-mance^^Voptimizing
 []

Excluding 'comment' comment. Excluding 'comment' comment.
<./figures/image3.png, id=48, 365.949pt x 210.021pt>
File: ./figures/image3.png Graphic file (type png)
<use ./figures/image3.png>
Package pdftex.def Info: ./figures/image3.png  used on input line 256.
(pdftex.def)             Requested size: 182.97404pt x 105.01022pt.

Overfull \hbox (26.76952pt too wide) in paragraph at lines 256--257
 [][] 
 []

<./figures/image1.png, id=49, 362.007pt x 217.467pt>
File: ./figures/image1.png Graphic file (type png)
<use ./figures/image1.png>
Package pdftex.def Info: ./figures/image1.png  used on input line 263.
(pdftex.def)             Requested size: 181.00305pt x 108.73322pt.

Overfull \hbox (24.79852pt too wide) in paragraph at lines 263--264
 [][] 
 []


Underfull \hbox (badness 1389) in paragraph at lines 264--264
[]\T1/cmr/m/n/10 Fig.5: |Model Av-er-age grid away
 []

[8 <./figures/image3.png> <./figures/image1.png>]
<./figures/image2.png, id=55, 362.007pt x 217.467pt>
File: ./figures/image2.png Graphic file (type png)
<use ./figures/image2.png>
Package pdftex.def Info: ./figures/image2.png  used on input line 286.
(pdftex.def)             Requested size: 235.30176pt x 141.35185pt.
<./figures/image5.png, id=56, 2006.49625pt x 1265.72874pt>
File: ./figures/image5.png Graphic file (type png)
<use ./figures/image5.png>
Package pdftex.def Info: ./figures/image5.png  used on input line 298.
(pdftex.def)             Requested size: 156.20453pt x 98.51785pt.

Underfull \hbox (badness 1881) in paragraph at lines 299--299
[]\T1/cmr/m/n/10 Fig.7: |RF Model ac-cu-racy with
 []

<./figures/image6.png, id=57, 2006.49625pt x 1265.72874pt>
File: ./figures/image6.png Graphic file (type png)
<use ./figures/image6.png>
Package pdftex.def Info: ./figures/image6.png  used on input line 305.
(pdftex.def)             Requested size: 156.20453pt x 98.51785pt.
<./figures/image4.png, id=58, 2006.49625pt x 1285.80376pt>
File: ./figures/image4.png Graphic file (type png)
<use ./figures/image4.png>
Package pdftex.def Info: ./figures/image4.png  used on input line 315.
(pdftex.def)             Requested size: 156.20453pt x 100.0804pt.
<./figures/image7.png, id=59, 2006.49625pt x 1285.80376pt>
File: ./figures/image7.png Graphic file (type png)
<use ./figures/image7.png>
Package pdftex.def Info: ./figures/image7.png  used on input line 322.
(pdftex.def)             Requested size: 156.20453pt x 100.0804pt.
[9 <./figures/image2.png>] [10 <./figures/image5.png> <./figures/image6.png> <.
/figures/image4.png> <./figures/image7.png>] (./samplepaper.bbl [11]
Underfull \hbox (badness 4229) in paragraph at lines 18--21
[]\T1/cmr/m/n/9 Csik, D., Odry, A., Sarce-vic, P.: Com-par-i-son of rssi-based 
fin-ger-print-
 []


Underfull \hbox (badness 10000) in paragraph at lines 18--21
\T1/cmr/m/n/9 ing meth-ods for in-door lo-cal-iza-tion. pp. 000273--000278 (09 
2022).
 []


Underfull \hbox (badness 2042) in paragraph at lines 44--48
[]\T1/cmr/m/n/9 Link, J.A.B., Smith, P., Viol, N., Wehrle, K.: Foot-path: Ac-cu
-rate map-
 []


Underfull \hbox (badness 3088) in paragraph at lines 44--48
\T1/cmr/m/n/9 based in-door nav-i-ga-tion us-ing smart-phones. In: 2011 In-ter-
na-tional Con-
 []


Underfull \hbox (badness 4621) in paragraph at lines 44--48
\T1/cmr/m/n/9 fer-ence on In-door Po-si-tion-ing and In-door Nav-i-ga-tion. pp.
 1--8 (2011).
 []


Underfull \hbox (badness 2096) in paragraph at lines 63--66
[]\T1/cmr/m/n/9 Nessa, A., Ad-hikari, B., Hus-sain, F., Fer-nando, X.N.: A sur-
vey of ma-
 []


Underfull \hbox (badness 1917) in paragraph at lines 73--76
\T1/cmr/m/n/9 In-ter-na-tional Carpathian Con-trol Con-fer-ence (ICCC). pp. 332
--337 (2018).
 []


Underfull \hbox (badness 1609) in paragraph at lines 91--95
\T1/cmr/m/n/9 er-ated syn-thetic data by en-sem-ble mod-els and gans. pp. 1--6 
(11 2024).
 []

[12])
<./figures/meth2.jpg, id=78, 1181.41376pt x 1582.91376pt>
File: ./figures/meth2.jpg Graphic file (type jpg)
<use ./figures/meth2.jpg>
Package pdftex.def Info: ./figures/meth2.jpg  used on input line 358.
(pdftex.def)             Requested size: 347.12354pt x 465.07156pt.
 [13] [14 <./figures/meth2.jpg>] (./samplepaper.aux)

LaTeX Warning: Label(s) may have changed. Rerun to get cross-references right.

 ) 
Here is how much of TeX's memory you used:
 3683 strings out of 480247
 62322 string characters out of 5896152
 359308 words of memory out of 5000000
 21602 multiletter control sequences out of 15000+600000
 479684 words of font info for 47 fonts, out of 8000000 for 9000
 14 hyphenation exceptions out of 8191
 67i,12n,77p,1867b,406s stack positions out of 5000i,500n,10000p,200000b,80000s
 </home/rinrin32/.texlive2021/texmf-var/fonts/pk/ljfour/jknappen/ec/tcrm1000.
600pk> </home/rinrin32/.texlive2021/texmf-var/fonts/pk/ljfour/jknappen/ec/ecrm0
700.600pk> </home/rinrin32/.texlive2021/texmf-var/fonts/pk/ljfour/jknappen/ec/e
cti1000.600pk> </home/rinrin32/.texlive2021/texmf-var/fonts/pk/ljfour/jknappen/
ec/ecbx1000.600pk> </home/rinrin32/.texlive2021/texmf-var/fonts/pk/ljfour/jknap
pen/ec/ecbx1200.600pk> </home/rinrin32/.texlive2021/texmf-var/fonts/pk/ljfour/j
knappen/ec/tcrm0900.600pk> </home/rinrin32/.texlive2021/texmf-var/fonts/pk/ljfo
ur/jknappen/ec/ecbx0900.600pk> </home/rinrin32/.texlive2021/texmf-var/fonts/pk/
ljfour/jknappen/ec/ectt0900.600pk> </home/rinrin32/.texlive2021/texmf-var/fonts
/pk/ljfour/jknappen/ec/ecrm0900.600pk> </home/rinrin32/.texlive2021/texmf-var/f
onts/pk/ljfour/jknappen/ec/ecrm1000.600pk> </home/rinrin32/.texlive2021/texmf-v
ar/fonts/pk/ljfour/jknappen/ec/ecbx1440.600pk></usr/share/texlive/texmf-dist/fo
nts/type1/public/amsfonts/cm/cmex10.pfb></usr/share/texlive/texmf-dist/fonts/ty
pe1/public/amsfonts/cm/cmmi10.pfb></usr/share/texlive/texmf-dist/fonts/type1/pu
blic/amsfonts/cm/cmmi7.pfb></usr/share/texlive/texmf-dist/fonts/type1/public/am
sfonts/cm/cmr10.pfb></usr/share/texlive/texmf-dist/fonts/type1/public/amsfonts/
cm/cmr6.pfb></usr/share/texlive/texmf-dist/fonts/type1/public/amsfonts/cm/cmr7.
pfb></usr/share/texlive/texmf-dist/fonts/type1/public/amsfonts/cm/cmsy10.pfb></
usr/share/texlive/texmf-dist/fonts/type1/public/amsfonts/cm/cmsy7.pfb>
Output written on samplepaper.pdf (14 pages, 2931071 bytes).
PDF statistics:
 501 PDF objects out of 1000 (max. 8388607)
 102 compressed objects within 2 object streams
 0 named destinations out of 1000 (max. 500000)
 56 words of extra memory for PDF output out of 10000 (max. 10000000)

